<?xml version="1.0" encoding="UTF-8"?>
<testsuite xmlns:xsi="http://www.w3.org/2001/XMLSchema-instance" xsi:noNamespaceSchemaLocation="https://maven.apache.org/surefire/maven-surefire-plugin/xsd/surefire-test-report-3.0.xsd" version="3.0" name="io.camunda.connector.edc.EdcConnectorFunctionTest" time="7.665" tests="7" errors="0" skipped="0" failures="0">
  <properties>
[...]
</properties>
  <testcase name="shouldThrowExceptionWhenProviderUrlIsMissing" classname="io.camunda.connector.edc.EdcConnectorFunctionTest" time="7.235">
    <system-err><![CDATA[WARNING: A Java agent has been loaded dynamically (/home/vicanfon/.m2/repository/net/bytebuddy/byte-buddy-agent/1.14.6/byte-buddy-agent-1.14.6.jar)
WARNING: If a serviceability tool is in use, please run with -XX:+EnableDynamicAgentLoading to hide this warning
WARNING: If a serviceability tool is not in use, please run with -Djdk.instrument.traceUsage for more information
WARNING: Dynamic loading of agents will be disallowed by default in a future release
SLF4J: No SLF4J providers were found.
SLF4J: Defaulting to no-operation (NOP) logger implementation
SLF4J: See https://www.slf4j.org/codes.html#noProviders for further details.
Oct 28, 2025 12:01:28 AM org.hibernate.validator.internal.util.Version <clinit>
INFO: HV000001: Hibernate Validator 8.0.1.Final
]]></system-err>
  </testcase>
  <testcase name="shouldValidateBasicAuthentication" classname="io.camunda.connector.edc.EdcConnectorFunctionTest" time="0.037"/>
  <testcase name="shouldHandleEdcServiceException" classname="io.camunda.connector.edc.EdcConnectorFunctionTest" time="0.142"/>
  <testcase name="shouldValidateApiKeyAuthentication" classname="io.camunda.connector.edc.EdcConnectorFunctionTest" time="0.097"/>
  <testcase name="shouldThrowExceptionWhenEdcManagementUrlIsMissing" classname="io.camunda.connector.edc.EdcConnectorFunctionTest" time="0.035"/>
  <testcase name="shouldThrowExceptionWhenAssetIdIsMissing" classname="io.camunda.connector.edc.EdcConnectorFunctionTest" time="0.024"/>
  <testcase name="shouldExecuteSuccessfully" classname="io.camunda.connector.edc.EdcConnectorFunctionTest" time="0.047"/>
</testsuite>